#--------------------------------------------------#
# SusHi: (Supersymmetric) Higgs production through #
#  __      __        gluon fusion and bottom-quark #
# [_  | | [_  |_| |  annihilation                  #
# __] |_| __] | | |                                #
#                    Version 1.7.0     March 2019  #
#--------------------------------------------------#
# Date: 17.10.2020 at 15:14:05                     #
# For the reconstructed input file, check below.   #
#--------------------------------------------------#
# Please cite the following papers (for this run):
# Harlander:2012pb    
# Harlander:2016hcx   
# Harlander:2002wh    
# Aglietti:2004nj     
# Bonciani:2010ms     
# Eriksson:2009ws     
# Harlander:2005rq    
# Harlander:2002vv    
# Chetyrkin:2000yt    
#--------------------------------------------------#
Block SUSHIinfo
         1   1.7.0        # SusHi version
         5   1.7.0        # 2HDMC version
Block SUSHIggh # Bon appetit 
         1     3.17081848E+01   # ggh XS in pb                      
       101     1.07936797E-02   # +/- integ. error: ggh XS in pb                      
       102    -2.03057206E+00   # - from muR variation: ggh XS in pb                      
       103     1.46186104E+00   # + from muR variation: ggh XS in pb                      
# within [  0.50000000E+00,  0.20000000E+01]*SCALES(1)*MASSOUT(1).
Block XSGGH # ggh xsec in pb (w/o EW) (+/- integ.err.)
         1     1.38473377E+01   # LO w/ NLO PDFs
         2     2.60131976E+01   # NLO
        21     2.63976436E+01   # NLO gg
        22    -3.87342428E-01   # NLO qg
        23     2.89633947E-03   # NLO qq
       101     2.50806237E-07   # +/-: LO w/ NLO PDFs
       102     3.07783978E-04   # +/-: NLO
       121     2.27027409E-04   # +/-: NLO gg
       122     2.07820068E-04   # +/-: NLO qg
       123     5.93291545E-07   # +/-: NLO qq
Block XSGGHEFF # ggh xsec in heavy top limit (from ggh@nnlo) (+/- integ.err.)
         1     2.76567984E+01   # NLO
       101     4.33409335E-03   # +/-: NLO
        19     2.76399296E+01   # NLO'
       191     4.26584091E-03   # +/-: NLO'
         2     3.33517856E+01   # NNLO
       102     9.88050733E-03   # +/-: NNLO
         4    -0.00000000E+00   # electroweak factor
Block HGGSUSY # couplings of 1.  CP-odd H to 3. gen.
       101     1.02852088E+00   # Re(g_t^phi)
      1010     0.00000000E+00   # Im(g_t^phi)
       201     9.72270000E-01   # Re(g_b^phi)
      2010     0.00000000E+00   # Im(g_b^phi)
Block BBHREWEIGHT # top and bottom reweighting factors
         1     1.02852088E+00   # g_t
         2     9.72270000E-01   # g_b
Block MASSOUT
         1     4.00000000E+02   # Mphi in GeV
         5     4.18000000E+00   # m_b(m_b), MSbar
         6     1.72500000E+02   # m_t(pole)
        23     9.11880000E+01   # m_Z
        24     8.10290138E+01   # m_W
        36     4.00000000E+02   # 1.  CP-odd Higgs mass in GeV
Block 2HDMCOUT # 2HDMC results for
         1    1   # stability, 0=failed, 1=ok
         2    1   # perturbativity, 0=failed, 1=ok
         3    1   # unitarity, 0=failed, 1=ok
         7     4.44406239E-03   # h width in GeV
         8     1.00986733E+01   # H width in GeV
         9     1.60014701E+01   # A width in GeV
Block INTERNALMASSES # Masses in GeV
        50     4.18000000E+00   # m_b(m_b), MSbar
        51     2.68752833E+00   # m_b(mu_R) MSbar
        52     4.70000000E+00   # m_b(pole)
        53     4.70000000E+00   # m_b used for internal masses
        54     4.70000000E+00   # m_b for bottom Yukawa
Block ALPHASOUT # values from LHAPDF set
         2     1.05533888E-01   # alpha_s(muRggh) @ NLO
         3     1.05514084E-01   # alpha_s(muRggh) @ NNLO
       101     1.18002405E-01   # alpha_s(Mz) @ LO  
       102     1.18002405E-01   # alpha_s(Mz) @ NLO 
       103     1.18002405E-01   # alpha_s(Mz) @ NNLO
#--------------------------------------------------#
# Reconstructed input file of this run             #
#--------------------------------------------------#
Block SUSHI
         1      2   # Chosen model: 0=SM, 1=MSSM, 2=2HDM, 3=NMSSM
         2     21   # 11=h, 12=H, 21=A              
         3      0   # Particle collider: 0=pp, 1=ppbar
         4     1.30000000E+04   # center-of-mass energy in GeV
         5      2   # Order for ggh
         6     -1   # Order for bbh
         7      1   # Electroweak contributions to ggh
        11      1   # [1/0] do/not expand C1 perturbatively
        19      1   # 0 = silent mode of SusHi, 1 = normal output
        20      0   # ggh@nnlo subprocesses: 0=all, 10=ind. contributions
        21      0   # bbh@nnlo subprocesses: 0=all
Block GGHMT
        -1      3   # factor out exact LO result at LO(=0)/NLO(=1)/etc.
         0     -1   # expand through 1/mt^n at LO [-1=exact]
         1      0   # expand through 1/mt^n at NLO
        11      0   # expand gg through 1/mt^n at NLO
        12      0   # expand qg through 1/mt^n at NLO
        13      0   # expand qqbar through 1/mt^n at NLO
         2      0   # expand through 1/mt^n at NNLO
        21      0   # expand gg through 1/mt^n at NNLO
        22      0   # expand qg through 1/mt^n at NNLO
        23      0   # expand qqbar through 1/mt^n at NNLO
        24      0   # expand qq through 1/mt^n at NNLO
        25      0   # expand qqprime through 1/mt^n at NNLO
        10      0   # [0/1]: do not/match to high energy limit at NLO
        20      0   # [0/1]: do not/match to high energy limit at NNLO
        30      0   # [0/1]: do not/match to high energy limit at N3LO
Block GGHSOFT # parameters for soft expansion
         1    0  0  0   # NLO: [0/1=n/y] [order] sig(x)/x^[n]
         2    0  0  0   # NNLO: [0/1=n/y] [order] sig(x)/x^[n]
Block 2HDMC
         1      2   # parametrization of 2HDM
         2      2   # 2HDM type
        10      0   # [0/1] ignore validity checks [yes/no]
         3     9.72270000E-01   # tan(beta)
         4     2.82786812E+02   # m12
        21     1.25000000E+02   # mh
        22     4.34286370E+02   # mH
        23     4.00000000E+02   # mA
        24     4.08003940E+02   # mC
        25    -9.94680000E-01   # sin(beta-alpha)
        26     0.00000000E+00   # lambda6
        27     0.00000000E+00   # lambda7
Block SMINPUTS
         1     1.32506980E+02   # 1/alpha_em(MZ) SM MSbar
         2     1.16639000E-05   # G_F
         3     1.18000000E-01   # alpha_s(m_Z)
         4     9.11880000E+01   # m_Z(pole)
         5     4.18000000E+00   # m_b(m_b)
         6     1.72500000E+02   # m_t(pole)
Block DISTRIB
         1      0   # total XS                      
Block SCALES
         1     5.00000000E-01   # Renormalization scale muR/mh
         2     5.00000000E-01   # Factorization scale muF/mh
       101     5.00E-01  2.00E+00   # min and max for muR scale uncertainty around SCALES(1)
       102     1.00E-01  1.00E+01   100   # min/max/steps for table output of muR variation
Block RENORMBOT
         1      0   # mb used for bottom Yukawa
         4     4.70000000E+00   # Fixed m_b(pole) in GeV
Block PDFSPEC
         1   NNPDF31_nnlo_as_0118_nf_4                       # LO   PDF set
        11      0   # LO   PDF set number
         2   NNPDF31_nnlo_as_0118_nf_4                       # NLO  PDF set
        12      0   # NLO  PDF set number
         3   NNPDF31_nnlo_as_0118_nf_4                       # NNLO PDF set
        13      0   # NNLO PDF set number
Block VEGAS
# parameters for NLO SusHi
         1   100000   # Number of points
         2        5   # Number of iterations
         3       10   # Output format of VEGAS integration
# parameters for ggh@nnlo:
         4    20000   # Number of points
         5        5   # Number of iterations
        14     5000   # Number of points in second run
        15        2   # Number of iterations in second run
         6        0   # Output format of VEGAS integration
# parameters for bbh@nnlo:
         7    20000   # Number of points
         8        5   # Number of iterations
        17     5000   # Number of points in second run
        18        2   # Number of iterations in second run
         9        0   # Output format of VEGAS integration
Block FACTORS
         1     0.00000000E+00   # Factor multiplied with Yukawa of c quark
         2     1.00000000E+00   # t quark
         3     1.00000000E+00   # b quark
#--------------------------------------------------#
# End of SusHi output                              #
#--------------------------------------------------#
