#--------------------------------------------------#
# SusHi: (Supersymmetric) Higgs production through #
#  __      __        gluon fusion and bottom-quark #
# [_  | | [_  |_| |  annihilation                  #
# __] |_| __] | | |                                #
#                    Version 1.7.0     March 2019  #
#--------------------------------------------------#
# Date: 19.10.2020 at 02:14:52                     #
# For the reconstructed input file, check below.   #
#--------------------------------------------------#
# Please cite the following papers (for this run):
# Harlander:2012pb    
# Harlander:2016hcx   
# Eriksson:2009ws     
#--------------------------------------------------#
Block SUSHIinfo
         1   1.7.0        # SusHi version
         5   1.7.0        # 2HDMC version
Block SUSHIggh # Bon appetit 
         1     1.51178152E+01   # ggh XS in pb                      
       101     2.72716670E-07   # +/- integ. error: ggh XS in pb                      
       102    -2.38558768E+00   # - from muR variation: ggh XS in pb                      
       103     3.12470859E+00   # + from muR variation: ggh XS in pb                      
# within [  0.50000000E+00,  0.20000000E+01]*SCALES(1)*MASSOUT(1).
Block XSGGH # ggh xsec in pb (w/o EW) (+/- integ.err.)
         1     1.51178152E+01   # LO
Block XSGGHEFF # ggh xsec in heavy top limit (from ggh@nnlo) (+/- integ.err.)
         4     0.00000000E+00   # electroweak factor
Block HGGSUSY # couplings of 2. CP-even H to 3. gen.
       101     1.83525450E+00   # Re(g_t^phi)
      1010     0.00000000E+00   # Im(g_t^phi)
       201    -3.67889039E-01   # Re(g_b^phi)
      2010     0.00000000E+00   # Im(g_b^phi)
Block BBHREWEIGHT # top and bottom reweighting factors
         1     1.83525450E+00   # g_t
         2    -3.67889039E-01   # g_b
Block MASSOUT
         1     4.00000000E+02   # Mphi in GeV
         5     4.18000000E+00   # m_b(m_b), MSbar
         6     1.72500000E+02   # m_t(pole)
        23     9.11880000E+01   # m_Z
        24     8.10290138E+01   # m_W
        35     4.00000000E+02   # 2. CP-even Higgs mass in GeV
Block 2HDMCOUT # 2HDMC results for
         1    1   # stability, 0=failed, 1=ok
         2    1   # perturbativity, 0=failed, 1=ok
         3    1   # unitarity, 0=failed, 1=ok
         7     4.29663907E-03   # h width in GeV
         8     1.60293887E+01   # H width in GeV
         9     1.92107516E-01   # A width in GeV
Block INTERNALMASSES # Masses in GeV
        50     4.18000000E+00   # m_b(m_b), MSbar
        51     2.68752833E+00   # m_b(mu_R) MSbar
        52     4.70000000E+00   # m_b(pole)
        53     4.70000000E+00   # m_b used for internal masses
        54     4.70000000E+00   # m_b for bottom Yukawa
Block ALPHASOUT # values from LHAPDF set
         1     1.06013827E-01   # alpha_s(muRggh) @ LO
       101     1.18002405E-01   # alpha_s(Mz) @ LO  
#--------------------------------------------------#
# Reconstructed input file of this run             #
#--------------------------------------------------#
Block SUSHI
         1      2   # Chosen model: 0=SM, 1=MSSM, 2=2HDM, 3=NMSSM
         2     12   # 11=h, 12=H, 21=A              
         3      0   # Particle collider: 0=pp, 1=ppbar
         4     1.30000000E+04   # center-of-mass energy in GeV
         5      0   # Order for ggh
         6     -1   # Order for bbh
         7      1   # Electroweak contributions to ggh
        11      1   # [1/0] do/not expand C1 perturbatively
        19      1   # 0 = silent mode of SusHi, 1 = normal output
        20      0   # ggh@nnlo subprocesses: 0=all, 10=ind. contributions
        21      0   # bbh@nnlo subprocesses: 0=all
Block GGHMT
        -1      3   # factor out exact LO result at LO(=0)/NLO(=1)/etc.
         0     -1   # expand through 1/mt^n at LO [-1=exact]
        10      0   # [0/1]: do not/match to high energy limit at NLO
        20      0   # [0/1]: do not/match to high energy limit at NNLO
        30      0   # [0/1]: do not/match to high energy limit at N3LO
Block 2HDMC
         1      2   # parametrization of 2HDM
         2      2   # 2HDM type
        10      0   # [0/1] ignore validity checks [yes/no]
         3     6.04250000E-01   # tan(beta)
         4     1.98661187E+02   # m12
        21     1.25000000E+02   # mh
        22     4.00000000E+02   # mH
        23     2.98600000E+02   # mA
        24     3.09239670E+02   # mC
        25    -9.75190000E-01   # sin(beta-alpha)
        26     0.00000000E+00   # lambda6
        27     0.00000000E+00   # lambda7
Block SMINPUTS
         1     1.32506980E+02   # 1/alpha_em(MZ) SM MSbar
         2     1.16639000E-05   # G_F
         3     1.18000000E-01   # alpha_s(m_Z)
         4     9.11880000E+01   # m_Z(pole)
         5     4.18000000E+00   # m_b(m_b)
         6     1.72500000E+02   # m_t(pole)
Block DISTRIB
         1      0   # total XS                      
Block SCALES
         1     5.00000000E-01   # Renormalization scale muR/mh
         2     5.00000000E-01   # Factorization scale muF/mh
       101     5.00E-01  2.00E+00   # min and max for muR scale uncertainty around SCALES(1)
       102     1.00E-01  1.00E+01   100   # min/max/steps for table output of muR variation
Block RENORMBOT
         1      0   # mb used for bottom Yukawa
         4     4.70000000E+00   # Fixed m_b(pole) in GeV
Block PDFSPEC
         1   NNPDF31_nnlo_as_0118_nf_4                       # LO   PDF set
        11      0   # LO   PDF set number
Block VEGAS
# parameters for NLO SusHi
         1   100000   # Number of points
         2        5   # Number of iterations
         3       10   # Output format of VEGAS integration
# parameters for ggh@nnlo:
         4    20000   # Number of points
         5        5   # Number of iterations
        14     5000   # Number of points in second run
        15        2   # Number of iterations in second run
         6        0   # Output format of VEGAS integration
# parameters for bbh@nnlo:
         7    20000   # Number of points
         8        5   # Number of iterations
        17     5000   # Number of points in second run
        18        2   # Number of iterations in second run
         9        0   # Output format of VEGAS integration
Block FACTORS
         1     0.00000000E+00   # Factor multiplied with Yukawa of c quark
         2     1.00000000E+00   # t quark
         3     1.00000000E+00   # b quark
#--------------------------------------------------#
# End of SusHi output                              #
#--------------------------------------------------#
