#--------------------------------------------------#
# SusHi: (Supersymmetric) Higgs production through #
#  __      __        gluon fusion and bottom-quark #
# [_  | | [_  |_| |  annihilation                  #
# __] |_| __] | | |                                #
#                    Version 1.7.0     March 2019  #
#--------------------------------------------------#
# Date: 17.10.2020 at 08:55:49                     #
# For the reconstructed input file, check below.   #
#--------------------------------------------------#
# Please cite the following papers (for this run):
# Harlander:2012pb    
# Harlander:2016hcx   
# Harlander:2002wh    
# Aglietti:2004nj     
# Bonciani:2010ms     
# Eriksson:2009ws     
# Harlander:2005rq    
# Chetyrkin:2000yt    
#--------------------------------------------------#
Block SUSHIinfo
         1   1.7.0        # SusHi version
         5   1.7.0        # 2HDMC version
Block SUSHIggh # Bon appetit 
         1     6.91699115E-02   # ggh XS in pb                      
       101     2.07009255E-05   # +/- integ. error: ggh XS in pb                      
       102    -3.05854739E-03   # - from muR variation: ggh XS in pb                      
       103     1.54965164E-03   # + from muR variation: ggh XS in pb                      
# within [  0.50000000E+00,  0.20000000E+01]*SCALES(1)*MASSOUT(1).
Block XSGGH # ggh xsec in pb (w/o EW) (+/- integ.err.)
         1     3.40790638E-02   # LO w/ NLO PDFs
         2     5.70235206E-02   # NLO
        21     5.92927688E-02   # NLO gg
        22    -2.27184233E-03   # NLO qg
        23     2.59409206E-06   # NLO qq
       101     6.29002824E-10   # +/-: LO w/ NLO PDFs
       102     6.62748581E-07   # +/-: NLO
       121     4.68869272E-07   # +/-: NLO gg
       122     4.68398407E-07   # +/-: NLO qg
       123     4.69288359E-10   # +/-: NLO qq
Block XSGGHEFF # ggh xsec in heavy top limit (from ggh@nnlo) (+/- integ.err.)
         1     6.55139029E-02   # NLO
       101     8.61393937E-06   # +/-: NLO
        19     6.54633387E-02   # NLO'
       191     8.47933156E-06   # +/-: NLO'
         2     7.76606985E-02   # NNLO
       102     1.88119413E-05   # +/-: NNLO
         4    -7.09735136E-06   # electroweak factor
Block HGGSUSY # couplings of 2. CP-even H to 3. gen.
       101     3.37802125E-01   # Re(g_t^phi)
      1010     0.00000000E+00   # Im(g_t^phi)
       201    -2.99549788E+00   # Re(g_b^phi)
      2010     0.00000000E+00   # Im(g_b^phi)
Block BBHREWEIGHT # top and bottom reweighting factors
         1     3.37802125E-01   # g_t
         2    -2.99549788E+00   # g_b
Block MASSOUT
         1     7.50000000E+02   # Mphi in GeV
         5     4.18000000E+00   # m_b(m_b), MSbar
         6     1.72500000E+02   # m_t(pole)
        23     9.11880000E+01   # m_Z
        24     8.10290138E+01   # m_W
        35     7.50000000E+02   # 2. CP-even Higgs mass in GeV
Block 2HDMCOUT # 2HDMC results for
         1    0   # stability, 0=failed, 1=ok
         2    0   # perturbativity, 0=failed, 1=ok
         3    0   # unitarity, 0=failed, 1=ok
         7     4.10137845E-03   # h width in GeV
         8     3.58463673E+00   # H width in GeV
         9                NaN   # A width in GeV
Block INTERNALMASSES # Masses in GeV
        50     4.18000000E+00   # m_b(m_b), MSbar
        51     2.56809216E+00   # m_b(mu_R) MSbar
        52     4.70000000E+00   # m_b(pole)
        53     4.70000000E+00   # m_b used for internal masses
        54     4.70000000E+00   # m_b for bottom Yukawa
Block ALPHASOUT # values from LHAPDF set
         2     9.73345809E-02   # alpha_s(muRggh) @ NLO
         3     9.73066616E-02   # alpha_s(muRggh) @ NNLO
       101     1.18002405E-01   # alpha_s(Mz) @ LO  
       102     1.18002405E-01   # alpha_s(Mz) @ NLO 
       103     1.18002405E-01   # alpha_s(Mz) @ NNLO
#--------------------------------------------------#
# Reconstructed input file of this run             #
#--------------------------------------------------#
Block SUSHI
         1      2   # Chosen model: 0=SM, 1=MSSM, 2=2HDM, 3=NMSSM
         2     12   # 11=h, 12=H, 21=A              
         3      0   # Particle collider: 0=pp, 1=ppbar
         4     1.30000000E+04   # center-of-mass energy in GeV
         5      2   # Order for ggh
         6     -1   # Order for bbh
         7      1   # Electroweak contributions to ggh
        11      1   # [1/0] do/not expand C1 perturbatively
        19      1   # 0 = silent mode of SusHi, 1 = normal output
        20      0   # ggh@nnlo subprocesses: 0=all, 10=ind. contributions
        21      0   # bbh@nnlo subprocesses: 0=all
Block GGHMT
        -1      3   # factor out exact LO result at LO(=0)/NLO(=1)/etc.
         0     -1   # expand through 1/mt^n at LO [-1=exact]
         1      0   # expand through 1/mt^n at NLO
        11      0   # expand gg through 1/mt^n at NLO
        12      0   # expand qg through 1/mt^n at NLO
        13      0   # expand qqbar through 1/mt^n at NLO
         2      0   # expand through 1/mt^n at NNLO
        21      0   # expand gg through 1/mt^n at NNLO
        22      0   # expand qg through 1/mt^n at NNLO
        23      0   # expand qqbar through 1/mt^n at NNLO
        24      0   # expand qq through 1/mt^n at NNLO
        25      0   # expand qqprime through 1/mt^n at NNLO
        10      0   # [0/1]: do not/match to high energy limit at NLO
        20      0   # [0/1]: do not/match to high energy limit at NNLO
        30      0   # [0/1]: do not/match to high energy limit at N3LO
Block GGHSOFT # parameters for soft expansion
         1    0  0  0   # NLO: [0/1=n/y] [order] sig(x)/x^[n]
         2    0  0  0   # NNLO: [0/1=n/y] [order] sig(x)/x^[n]
Block 2HDMC
         1      2   # parametrization of 2HDM
         2      2   # 2HDM type
        10      0   # [0/1] ignore validity checks [yes/no]
         3     3.00000000E+00   # tan(beta)
         4     4.12310563E+02   # m12
        21     1.25000000E+02   # mh
        22     7.50000000E+02   # mH
        23     1.00000000E+06   # mA
        24     1.00000000E+06   # mC
        25    -9.99990000E-01   # sin(beta-alpha)
        26     0.00000000E+00   # lambda6
        27     0.00000000E+00   # lambda7
Block SMINPUTS
         1     1.32506980E+02   # 1/alpha_em(MZ) SM MSbar
         2     1.16639000E-05   # G_F
         3     1.18000000E-01   # alpha_s(m_Z)
         4     9.11880000E+01   # m_Z(pole)
         5     4.18000000E+00   # m_b(m_b)
         6     1.72500000E+02   # m_t(pole)
Block DISTRIB
         1      0   # total XS                      
Block SCALES
         1     5.00000000E-01   # Renormalization scale muR/mh
         2     5.00000000E-01   # Factorization scale muF/mh
       101     5.00E-01  2.00E+00   # min and max for muR scale uncertainty around SCALES(1)
       102     1.00E-01  1.00E+01   100   # min/max/steps for table output of muR variation
Block RENORMBOT
         1      0   # mb used for bottom Yukawa
         4     4.70000000E+00   # Fixed m_b(pole) in GeV
Block PDFSPEC
         1   NNPDF31_nnlo_as_0118_nf_4                       # LO   PDF set
        11      0   # LO   PDF set number
         2   NNPDF31_nnlo_as_0118_nf_4                       # NLO  PDF set
        12      0   # NLO  PDF set number
         3   NNPDF31_nnlo_as_0118_nf_4                       # NNLO PDF set
        13      0   # NNLO PDF set number
Block VEGAS
# parameters for NLO SusHi
         1   100000   # Number of points
         2        5   # Number of iterations
         3       10   # Output format of VEGAS integration
# parameters for ggh@nnlo:
         4    20000   # Number of points
         5        5   # Number of iterations
        14     5000   # Number of points in second run
        15        2   # Number of iterations in second run
         6        0   # Output format of VEGAS integration
# parameters for bbh@nnlo:
         7    20000   # Number of points
         8        5   # Number of iterations
        17     5000   # Number of points in second run
        18        2   # Number of iterations in second run
         9        0   # Output format of VEGAS integration
Block FACTORS
         1     0.00000000E+00   # Factor multiplied with Yukawa of c quark
         2     1.00000000E+00   # t quark
         3     1.00000000E+00   # b quark
#--------------------------------------------------#
# End of SusHi output                              #
#--------------------------------------------------#
